<?xml version="1.0" encoding="UTF-8"?>
<testsuite name="ru.netology.rest.MobileBankApiTestV6" tests="1" skipped="0" failures="0" errors="0" timestamp="2021-10-26T20:14:24" hostname="192.168.0.108" time="0.054">
  <properties/>
  <testcase name="shouldReturnDemoAccounts()" classname="ru.netology.rest.MobileBankApiTestV6" time="0.054"/>
  <system-out><![CDATA[Request method:	GET
Request URI:	http://0.0.0.0:9999/api/v1/demo/accounts
Proxy:			<none>
Request params:	<none>
Query params:	<none>
Form params:	<none>
Path params:	<none>
Headers:		Accept=application/json, application/javascript, text/javascript, text/json
				Content-Type=application/json
Cookies:		<none>
Multiparts:		<none>
Body:			<none>
]]></system-out>
  <system-err><![CDATA[]]></system-err>
</testsuite>
